\BOOKMARK [0][-]{section*.4}{摘 要}{}% 1
\BOOKMARK [0][-]{section*.5}{ABSTRACT}{}% 2
\BOOKMARK [0][-]{chapter.1}{绪论}{}% 3
\BOOKMARK [1][-]{section.1.1}{研究背景}{chapter.1}% 4
\BOOKMARK [1][-]{section.1.2}{国内外研究现状}{chapter.1}% 5
\BOOKMARK [1][-]{section.1.3}{本文主要工作}{chapter.1}% 6
\BOOKMARK [1][-]{section.1.4}{论文结构}{chapter.1}% 7
\BOOKMARK [0][-]{chapter.2}{基于分布式文件系统GlusterFS的数据迁移研究}{}% 8
\BOOKMARK [1][-]{section.2.1}{GlusterFS整体架构}{chapter.2}% 9
\BOOKMARK [2][-]{subsection.2.1.1}{GlusterFS整体架构}{section.2.1}% 10
\BOOKMARK [1][-]{section.2.2}{基于GlusterFS Tiering功能的缓存管理模块设计}{chapter.2}% 11
\BOOKMARK [2][-]{subsection.2.2.1}{Trace 模块}{section.2.2}% 12
\BOOKMARK [2][-]{subsection.2.2.2}{访问模式识别模型建立}{section.2.2}% 13
\BOOKMARK [2][-]{subsection.2.2.3}{运行时缓存管理}{section.2.2}% 14
\BOOKMARK [1][-]{section.2.3}{本章小结}{chapter.2}% 15
\BOOKMARK [0][-]{chapter.3}{基于自然语言处理模型的文件访问模式识别}{}% 16
\BOOKMARK [1][-]{section.3.1}{基于词向量模型的文件名向量化}{chapter.3}% 17
\BOOKMARK [2][-]{subsection.3.1.1}{词向量概述}{section.3.1}% 18
\BOOKMARK [2][-]{subsection.3.1.2}{基于子词模型的文件名向量化}{section.3.1}% 19
\BOOKMARK [1][-]{section.3.2}{基于循环神经网络的文件访问模式分析}{chapter.3}% 20
\BOOKMARK [2][-]{subsection.3.2.1}{循环神经网络及其在时间序列分析中的应用}{section.3.2}% 21
\BOOKMARK [2][-]{subsection.3.2.2}{采用GRNN（Gated Recurrent Neural Network）的文件访问模式分析模型}{section.3.2}% 22
\BOOKMARK [1][-]{section.3.3}{本章小结}{chapter.3}% 23
\BOOKMARK [0][-]{chapter.4}{实验设计与分析}{}% 24
\BOOKMARK [1][-]{section.4.1}{实验环境与工作负载}{chapter.4}% 25
\BOOKMARK [2][-]{subsection.4.1.1}{存储服务器集群搭建}{section.4.1}% 26
\BOOKMARK [2][-]{subsection.4.1.2}{工作负载选取}{section.4.1}% 27
\BOOKMARK [1][-]{section.4.2}{实验数据采集与预处理}{chapter.4}% 28
\BOOKMARK [2][-]{subsection.4.2.1}{文件名向量化}{section.4.2}% 29
\BOOKMARK [2][-]{subsection.4.2.2}{文件访问日志记录与预处理}{section.4.2}% 30
\BOOKMARK [1][-]{section.4.3}{循环神经网络模型训练与仿真测试}{chapter.4}% 31
\BOOKMARK [1][-]{section.4.4}{实验结果与分析}{chapter.4}% 32
\BOOKMARK [1][-]{section.4.5}{本章小结}{chapter.4}% 33
\BOOKMARK [0][-]{chapter.5}{总结}{}% 34
\BOOKMARK [1][-]{section.5.1}{本文工作总结}{chapter.5}% 35
\BOOKMARK [1][-]{section.5.2}{未来工作展望}{chapter.5}% 36
\BOOKMARK [0][-]{chapter*.13}{致谢}{}% 37
\BOOKMARK [0][-]{section*.14}{参考文献}{}% 38
\BOOKMARK [0][-]{appendix.A}{模板提供的希腊字母命令列表}{}% 39
