This is XeTeX, Version 3.14159265-2.6-0.999991 (TeX Live 2019) (preloaded format=xelatex 2019.9.25)  19 OCT 2019 21:36
entering extended mode
 restricted \write18 enabled.
 file:line:error style messages enabled.
 %&-line parsing enabled.
**/Users/code2hack/github/master/thesis/thesis
(/Users/code2hack/github/master/thesis/thesis.tex
LaTeX2e <2018-12-01>
(.//nudtpaper.cls
Document Class: nudtpaper 2017/06/15 v2.7 NUDT paper template
(/usr/local/texlive/2017/texmf-dist/tex/latex/base/ifthen.sty
Package: ifthen 2014/09/29 v1.1c Standard LaTeX ifthen package (DPC)
) (/usr/local/texlive/2017/texmf-dist/tex/latex/tools/calc.sty
Package: calc 2017/05/25 v4.3 Infix arithmetic (KKT,FJ)
\calc@Acount=\count80
\calc@Bcount=\count81
\calc@Adimen=\dimen102
\calc@Bdimen=\dimen103
\calc@Askip=\skip41
\calc@Bskip=\skip42
LaTeX Info: Redefining \setlength on input line 80.
LaTeX Info: Redefining \addtolength on input line 81.
\calc@Ccount=\count82
\calc@Cskip=\skip43
) (/usr/local/texlive/2017/texmf-dist/tex/latex/base/book.cls
Document Class: book 2018/09/03 v1.4i Standard LaTeX document class
(/usr/local/texlive/2017/texmf-dist/tex/latex/base/bk12.clo
File: bk12.clo 2018/09/03 v1.4i Standard LaTeX file (size option)
)
\c@part=\count83
\c@chapter=\count84
\c@section=\count85
\c@subsection=\count86
\c@subsubsection=\count87
\c@paragraph=\count88
\c@subparagraph=\count89
\c@figure=\count90
\c@table=\count91
\abovecaptionskip=\skip44
\belowcaptionskip=\skip45
\bibindent=\dimen104
) (/usr/local/texlive/2017/texmf-dist/tex/latex/geometry/geometry.sty
Package: geometry 2018/04/16 v5.8 Page Geometry
 (/usr/local/texlive/2017/texmf-dist/tex/latex/graphics/keyval.sty
Package: keyval 2014/10/28 v1.15 key=value parser (DPC)
\KV@toks@=\toks14
) (/usr/local/texlive/2017/texmf-dist/tex/generic/oberdiek/ifpdf.sty
Package: ifpdf 2018/09/07 v3.3 Provides the ifpdf switch
) (/usr/local/texlive/2017/texmf-dist/tex/generic/oberdiek/ifvtex.sty
Package: ifvtex 2016/05/16 v1.6 Detect VTeX and its facilities (HO)
Package ifvtex Info: VTeX not detected.
) (/usr/local/texlive/2017/texmf-dist/tex/generic/ifxetex/ifxetex.sty
Package: ifxetex 2010/09/12 v0.6 Provides ifxetex conditional
)
\Gm@cnth=\count92
\Gm@cntv=\count93
\c@Gm@tempcnt=\count94
\Gm@bindingoffset=\dimen105
\Gm@wd@mp=\dimen106
\Gm@odd@mp=\dimen107
\Gm@even@mp=\dimen108
\Gm@layoutwidth=\dimen109
\Gm@layoutheight=\dimen110
\Gm@layouthoffset=\dimen111
\Gm@layoutvoffset=\dimen112
\Gm@dimlist=\toks15
) (/usr/local/texlive/2017/texmf-dist/tex/latex/titlesec/titlesec.sty
Package: titlesec 2019/09/09 v2.12 Sectioning titles
\ttl@box=\box27
\beforetitleunit=\skip46
\aftertitleunit=\skip47
\ttl@plus=\dimen113
\ttl@minus=\dimen114
\ttl@toksa=\toks16
\titlewidth=\dimen115
\titlewidthlast=\dimen116
\titlewidthfirst=\dimen117
 (/usr/local/texlive/2017/texmf-dist/tex/latex/titlesec/titleps.sty)) (/usr/local/texlive/2017/texmf-dist/tex/latex/titlesec/titletoc.sty
Package: titletoc 2019/09/09 v2.12 TOC entries
\ttl@leftsep=\dimen118
) (/usr/local/texlive/2017/texmf-dist/tex/latex/graphics/graphicx.sty
Package: graphicx 2017/06/01 v1.1a Enhanced LaTeX Graphics (DPC,SPQR)
 (/usr/local/texlive/2017/texmf-dist/tex/latex/graphics/graphics.sty
Package: graphics 2017/06/25 v1.2c Standard LaTeX Graphics (DPC,SPQR)
 (/usr/local/texlive/2017/texmf-dist/tex/latex/graphics/trig.sty
Package: trig 2016/01/03 v1.10 sin cos tan (DPC)
) (/usr/local/texlive/2017/texmf-dist/tex/latex/graphics-cfg/graphics.cfg
File: graphics.cfg 2016/06/04 v1.11 sample graphics configuration
)
Package graphics Info: Driver file: xetex.def on input line 99.
 (/usr/local/texlive/2017/texmf-dist/tex/latex/graphics-def/xetex.def
File: xetex.def 2017/06/24 v5.0h Graphics/color driver for xetex
))
\Gin@req@height=\dimen119
\Gin@req@width=\dimen120
) (/usr/local/texlive/2017/texmf-dist/tex/latex/subfig/subfig.sty
Package: subfig 2005/06/28 ver: 1.3 subfig package
 (/usr/local/texlive/2017/texmf-dist/tex/latex/caption/caption.sty
Package: caption 2019/09/01 v3.3d Customizing captions (AR)
 (/usr/local/texlive/2017/texmf-dist/tex/latex/caption/caption3.sty
Package: caption3 2019/09/01 v1.8d caption3 kernel (AR)
Package caption3 Info: TeX engine: e-TeX on input line 64.
\captionmargin=\dimen121
\captionmargin@=\dimen122
\captionwidth=\dimen123
\caption@tempdima=\dimen124
\caption@indent=\dimen125
\caption@parindent=\dimen126
\caption@hangindent=\dimen127
)
\c@caption@flags=\count95
\c@ContinuedFloat=\count96
)
\c@KVtest=\count97
\sf@farskip=\skip48
\sf@captopadj=\dimen128
\sf@capskip=\skip49
\sf@nearskip=\skip50


Package subfig Warning: Configuration file subfig.cfg not found on input line 297.

\c@subfigure=\count98
\c@subfigure@save=\count99
\c@lofdepth=\count100
\c@subtable=\count101
\c@subtable@save=\count102
\c@lotdepth=\count103
\sf@top=\skip51
\sf@bottom=\skip52
) (/usr/local/texlive/2017/texmf-dist/tex/latex/float/float.sty
Package: float 2001/11/08 v1.3d Float enhancements (AL)
\c@float@type=\count104
\float@exts=\toks17
\float@box=\box28
\@float@everytoks=\toks18
\@floatcapt=\box29
) (/usr/local/texlive/2017/texmf-dist/tex/latex/tools/array.sty
Package: array 2018/12/30 v2.4k Tabular extension package (FMi)
\col@sep=\dimen129
\ar@mcellbox=\box30
\extrarowheight=\dimen130
\NC@list=\toks19
\extratabsurround=\skip53
\backup@length=\skip54
\ar@cellbox=\box31
) (/usr/local/texlive/2017/texmf-dist/tex/latex/tools/longtable.sty
Package: longtable 2014/10/28 v4.11 Multi-page Table package (DPC)+ FMi change
\LTleft=\skip55
\LTright=\skip56
\LTpre=\skip57
\LTpost=\skip58
\LTchunksize=\count105
\LTcapwidth=\dimen131
\LT@head=\box32
\LT@firsthead=\box33
\LT@foot=\box34
\LT@lastfoot=\box35
\LT@cols=\count106
\LT@rows=\count107
\c@LT@tables=\count108
\c@LT@chunks=\count109
\LT@p@ftn=\toks20
) (/usr/local/texlive/2017/texmf-dist/tex/latex/booktabs/booktabs.sty
Package: booktabs 2016/04/27 v1.618033 publication quality tables
\heavyrulewidth=\dimen132
\lightrulewidth=\dimen133
\cmidrulewidth=\dimen134
\belowrulesep=\dimen135
\belowbottomsep=\dimen136
\aboverulesep=\dimen137
\abovetopsep=\dimen138
\cmidrulesep=\dimen139
\cmidrulekern=\dimen140
\defaultaddspace=\dimen141
\@cmidla=\count110
\@cmidlb=\count111
\@aboverulesep=\dimen142
\@belowrulesep=\dimen143
\@thisruleclass=\count112
\@lastruleclass=\count113
\@thisrulewidth=\dimen144
) (/usr/local/texlive/2017/texmf-dist/tex/latex/multirow/multirow.sty
Package: multirow 2019/05/31 v2.5 Span multiple rows of a table
\multirow@colwidth=\skip59
\multirow@cntb=\count114
\multirow@dima=\skip60
\bigstrutjot=\dimen145
) (/usr/local/texlive/2017/texmf-dist/tex/latex/tools/tabularx.sty
Package: tabularx 2016/02/03 v2.11b `tabularx' package (DPC)
\TX@col@width=\dimen146
\TX@old@table=\dimen147
\TX@old@col=\dimen148
\TX@target=\dimen149
\TX@delta=\dimen150
\TX@cols=\count115
\TX@ftn=\toks21
) (.//slashbox.sty
slashbox style by K.Yasuoka, May 1993.
\@slashboxa=\box36
\@slashboxb=\box37
\@slashboxc=\box38
\@slashboxwd=\count116
\@slashboxht=\count117
\@slashsepl=\dimen151
\@slashsepr=\dimen152
) (/usr/local/texlive/2017/texmf-dist/tex/latex/paralist/paralist.sty
Package: paralist 2017/01/22 v2.7 Extended list environments
\pltopsep=\skip61
\plpartopsep=\skip62
\plitemsep=\skip63
\plparsep=\skip64
\pl@lab=\toks22
) (/usr/local/texlive/2017/texmf-dist/tex/latex/enumitem/enumitem.sty
Package: enumitem 2019/06/20 v3.9 Customized lists
\labelindent=\skip65
\enit@outerparindent=\dimen153
\enit@toks=\toks23
\enit@inbox=\box39
\enit@count@id=\count118
\enitdp@description=\count119
) (/usr/local/texlive/2017/texmf-dist/tex/latex/xcolor/xcolor.sty
Package: xcolor 2016/05/11 v2.12 LaTeX color extensions (UK)
 (/usr/local/texlive/2017/texmf-dist/tex/latex/graphics-cfg/color.cfg
File: color.cfg 2016/01/02 v1.6 sample color configuration
)
Package xcolor Info: Driver file: xetex.def on input line 225.
Package xcolor Info: Model `cmy' substituted by `cmy0' on input line 1348.
Package xcolor Info: Model `RGB' extended on input line 1364.
Package xcolor Info: Model `HTML' substituted by `rgb' on input line 1366.
Package xcolor Info: Model `Hsb' substituted by `hsb' on input line 1367.
Package xcolor Info: Model `tHsb' substituted by `hsb' on input line 1368.
Package xcolor Info: Model `HSB' substituted by `hsb' on input line 1369.
Package xcolor Info: Model `Gray' substituted by `gray' on input line 1370.
Package xcolor Info: Model `wave' substituted by `hsb' on input line 1371.
) (/usr/local/texlive/2017/texmf-dist/tex/latex/amsmath/amsmath.sty
Package: amsmath 2018/12/01 v2.17b AMS math features
\@mathmargin=\skip66

For additional information on amsmath, use the `?' option.
(/usr/local/texlive/2017/texmf-dist/tex/latex/amsmath/amstext.sty
Package: amstext 2000/06/29 v2.01 AMS text
 (/usr/local/texlive/2017/texmf-dist/tex/latex/amsmath/amsgen.sty
File: amsgen.sty 1999/11/30 v2.0 generic functions
\@emptytoks=\toks24
\ex@=\dimen154
)) (/usr/local/texlive/2017/texmf-dist/tex/latex/amsmath/amsbsy.sty
Package: amsbsy 1999/11/29 v1.2d Bold Symbols
\pmbraise@=\dimen155
) (/usr/local/texlive/2017/texmf-dist/tex/latex/amsmath/amsopn.sty
Package: amsopn 2016/03/08 v2.02 operator names
)
\inf@bad=\count120
LaTeX Info: Redefining \frac on input line 223.
\uproot@=\count121
\leftroot@=\count122
LaTeX Info: Redefining \overline on input line 385.
\classnum@=\count123
\DOTSCASE@=\count124
LaTeX Info: Redefining \ldots on input line 482.
LaTeX Info: Redefining \dots on input line 485.
LaTeX Info: Redefining \cdots on input line 606.
\Mathstrutbox@=\box40
\strutbox@=\box41
\big@size=\dimen156
LaTeX Font Info:    Redeclaring font encoding OML on input line 729.
LaTeX Font Info:    Redeclaring font encoding OMS on input line 730.
\macc@depth=\count125
\c@MaxMatrixCols=\count126
\dotsspace@=\muskip10
\c@parentequation=\count127
\dspbrk@lvl=\count128
\tag@help=\toks25
\row@=\count129
\column@=\count130
\maxfields@=\count131
\andhelp@=\toks26
\eqnshift@=\dimen157
\alignsep@=\dimen158
\tagshift@=\dimen159
\tagwidth@=\dimen160
\totwidth@=\dimen161
\lineht@=\dimen162
\@envbody=\toks27
\multlinegap=\skip67
\multlinetaggap=\skip68
\mathdisplay@stack=\toks28
LaTeX Info: Redefining \[ on input line 2844.
LaTeX Info: Redefining \] on input line 2845.
) (/usr/local/texlive/2017/texmf-dist/tex/latex/amsfonts/amssymb.sty
Package: amssymb 2013/01/14 v3.01 AMS font symbols
 (/usr/local/texlive/2017/texmf-dist/tex/latex/amsfonts/amsfonts.sty
Package: amsfonts 2013/01/14 v3.01 Basic AMSFonts support
\symAMSa=\mathgroup4
\symAMSb=\mathgroup5
LaTeX Font Info:    Overwriting math alphabet `\mathfrak' in version `bold'
(Font)                  U/euf/m/n --> U/euf/b/n on input line 106.
)) (/usr/local/texlive/2017/texmf-dist/tex/latex/was/upgreek.sty
Package: upgreek 2003/02/12 v2.0 (WaS)
Package upgreek Info: Using Adobe Symbol, scaled 900, for upright Greek on input line 85.
\symugrf@m=\mathgroup6
) (/usr/local/texlive/2017/texmf-dist/tex/latex/tools/bm.sty
Package: bm 2017/01/16 v1.2c Bold Symbol Support (DPC/FMi)
\symboldoperators=\mathgroup7
\symboldletters=\mathgroup8
\symboldsymbols=\mathgroup9
LaTeX Font Info:    Redeclaring math alphabet \mathbf on input line 141.
LaTeX Info: Redefining \bm on input line 207.
) (/usr/local/texlive/2017/texmf-dist/tex/latex/base/fontenc.sty
Package: fontenc 2018/08/11 v2.0j Standard LaTeX package
 (/usr/local/texlive/2017/texmf-dist/tex/latex/base/t1enc.def
File: t1enc.def 2018/08/11 v2.0j Standard LaTeX file
LaTeX Font Info:    Redeclaring font encoding T1 on input line 48.
)
LaTeX Font Info:    Try loading font information for T1+lmr on input line 105.
 (/usr/local/texlive/2017/texmf-dist/tex/latex/lm/t1lmr.fd
File: t1lmr.fd 2009/10/30 v1.6 Font defs for Latin Modern
)) (/usr/local/texlive/2017/texmf-dist/tex/latex/ntheorem/ntheorem.sty
Style `ntheorem', Version 1.33 <2011/08/15>
Package: ntheorem 2011/08/15 1.33
\theorem@style=\toks29
\theorem@@style=\toks30
\theorembodyfont=\toks31
\theoremnumbering=\toks32
\theorempreskipamount=\skip69
\theorempostskipamount=\skip70
\theoremframepreskipamount=\skip71
\theoremframepostskipamount=\skip72
\theoreminframepreskipamount=\skip73
\theoreminframepostskipamount=\skip74
\theorem@preskip=\toks33
\theorem@postskip=\toks34
\theorem@framepreskip=\toks35
\theorem@framepostskip=\toks36
\theorem@inframepreskip=\toks37
\theorem@inframepostskip=\toks38
\theoremindent=\dimen163
\theorem@indent=\dimen164
\theoremrightindent=\dimen165
\theorem@rightindent=\dimen166
\theoremheaderfont=\toks39
\theoremseparator=\toks40
\theoremprework=\toks41
\theorempostwork=\toks42
\theoremsymbol=\toks43
\qedsymbol=\toks44
\theoremkeyword=\toks45
\qedsymbol=\toks46
\thm@topsep=\skip75
\thm@topsepadd=\skip76
Package ntheorem Info: Option `thmmarks' loaded on input line 1175.
\c@endNonectr=\count132
\c@currNonectr=\count133
\mysavskip=\skip77
Package ntheorem Info: option `amsmath' handling for `thmmarks' loaded on input line 1175.
\thm@amstmpdepth=\dimen167
\tagwidth=\dimen168
) (/usr/local/texlive/2017/texmf-dist/tex/xelatex/xecjk/xeCJK.sty (/usr/local/texlive/2017/texmf-dist/tex/latex/l3kernel/expl3.sty
Package: expl3 2019-09-19 L3 programming layer (loader) 
 (/usr/local/texlive/2017/texmf-dist/tex/latex/l3kernel/expl3-code.tex
Package: expl3 2019-09-19 L3 programming layer (code)
\c_max_int=\count134
\l_tmpa_int=\count135
\l_tmpb_int=\count136
\g_tmpa_int=\count137
\g_tmpb_int=\count138
\g__kernel_prg_map_int=\count139
\c__ior_term_noprompt_ior=\count140
\c_log_iow=\count141
\l_iow_line_count_int=\count142
\l__iow_line_target_int=\count143
\l__iow_one_indent_int=\count144
\l__iow_indent_int=\count145
\c_zero_dim=\dimen169
\c_max_dim=\dimen170
\l_tmpa_dim=\dimen171
\l_tmpb_dim=\dimen172
\g_tmpa_dim=\dimen173
\g_tmpb_dim=\dimen174
\c_zero_skip=\skip78
\c_max_skip=\skip79
\l_tmpa_skip=\skip80
\l_tmpb_skip=\skip81
\g_tmpa_skip=\skip82
\g_tmpb_skip=\skip83
\c_zero_muskip=\muskip11
\c_max_muskip=\muskip12
\l_tmpa_muskip=\muskip13
\l_tmpb_muskip=\muskip14
\g_tmpa_muskip=\muskip15
\g_tmpb_muskip=\muskip16
\l_keys_choice_int=\count146
\l__intarray_loop_int=\count147
\c__intarray_sp_dim=\dimen175
\g__intarray_font_int=\count148
\c__fp_leading_shift_int=\count149
\c__fp_middle_shift_int=\count150
\c__fp_trailing_shift_int=\count151
\c__fp_big_leading_shift_int=\count152
\c__fp_big_middle_shift_int=\count153
\c__fp_big_trailing_shift_int=\count154
\c__fp_Bigg_leading_shift_int=\count155
\c__fp_Bigg_middle_shift_int=\count156
\c__fp_Bigg_trailing_shift_int=\count157
\g__fp_array_int=\count158
\l__fp_array_loop_int=\count159
\l__sort_length_int=\count160
\l__sort_min_int=\count161
\l__sort_top_int=\count162
\l__sort_max_int=\count163
\l__sort_true_max_int=\count164
\l__sort_block_int=\count165
\l__sort_begin_int=\count166
\l__sort_end_int=\count167
\l__sort_A_int=\count168
\l__sort_B_int=\count169
\l__sort_C_int=\count170
\l__str_internal_int=\count171
\l__tl_analysis_normal_int=\count172
\l__tl_analysis_index_int=\count173
\l__tl_analysis_nesting_int=\count174
\l__tl_analysis_type_int=\count175
\l__regex_internal_a_int=\count176
\l__regex_internal_b_int=\count177
\l__regex_internal_c_int=\count178
\l__regex_balance_int=\count179
\l__regex_group_level_int=\count180
\l__regex_mode_int=\count181
\c__regex_cs_in_class_mode_int=\count182
\c__regex_cs_mode_int=\count183
\l__regex_catcodes_int=\count184
\l__regex_default_catcodes_int=\count185
\c__regex_catcode_L_int=\count186
\c__regex_catcode_O_int=\count187
\c__regex_catcode_A_int=\count188
\c__regex_all_catcodes_int=\count189
\l__regex_show_lines_int=\count190
\l__regex_min_state_int=\count191
\l__regex_max_state_int=\count192
\l__regex_left_state_int=\count193
\l__regex_right_state_int=\count194
\l__regex_capturing_group_int=\count195
\l__regex_min_pos_int=\count196
\l__regex_max_pos_int=\count197
\l__regex_curr_pos_int=\count198
\l__regex_start_pos_int=\count199
\l__regex_success_pos_int=\count266
\l__regex_curr_char_int=\count267
\l__regex_curr_catcode_int=\count268
\l__regex_last_char_int=\count269
\l__regex_case_changed_char_int=\count270
\l__regex_curr_state_int=\count271
\l__regex_step_int=\count272
\l__regex_min_active_int=\count273
\l__regex_max_active_int=\count274
\l__regex_replacement_csnames_int=\count275
\l__regex_match_count_int=\count276
\l__regex_min_submatch_int=\count277
\l__regex_submatch_int=\count278
\l__regex_zeroth_submatch_int=\count279
\g__regex_trace_regex_int=\count280
\c_empty_box=\box42
\l_tmpa_box=\box43
\l_tmpb_box=\box44
\g_tmpa_box=\box45
\g_tmpb_box=\box46
\l__box_top_dim=\dimen176
\l__box_bottom_dim=\dimen177
\l__box_left_dim=\dimen178
\l__box_right_dim=\dimen179
\l__box_top_new_dim=\dimen180
\l__box_bottom_new_dim=\dimen181
\l__box_left_new_dim=\dimen182
\l__box_right_new_dim=\dimen183
\l__box_internal_box=\box47
\l__coffin_internal_box=\box48
\l__coffin_internal_dim=\dimen184
\l__coffin_offset_x_dim=\dimen185
\l__coffin_offset_y_dim=\dimen186
\l__coffin_x_dim=\dimen187
\l__coffin_y_dim=\dimen188
\l__coffin_x_prime_dim=\dimen189
\l__coffin_y_prime_dim=\dimen190
\c_empty_coffin=\box49
\l__coffin_aligned_coffin=\box50
\l__coffin_aligned_internal_coffin=\box51
\l_tmpa_coffin=\box52
\l_tmpb_coffin=\box53
\g_tmpa_coffin=\box54
\g_tmpb_coffin=\box55
\l__coffin_bounding_shift_dim=\dimen191
\l__coffin_left_corner_dim=\dimen192
\l__coffin_right_corner_dim=\dimen193
\l__coffin_bottom_corner_dim=\dimen194
\l__coffin_top_corner_dim=\dimen195
\l__coffin_scaled_total_height_dim=\dimen196
\l__coffin_scaled_width_dim=\dimen197
\c__coffin_empty_coffin=\box56
\l__coffin_display_coffin=\box57
\l__coffin_display_coord_coffin=\box58
\l__coffin_display_pole_coffin=\box59
\l__coffin_display_offset_dim=\dimen198
\l__coffin_display_x_dim=\dimen199
\l__coffin_display_y_dim=\dimen256
\g__char_data_ior=\read1
\l__seq_internal_a_int=\count281
\l__seq_internal_b_int=\count282
) (/usr/local/texlive/2017/texmf-dist/tex/latex/l3backend/l3backend-xdvipdfmx.def
File: l3backend-xdvipdfmx.def 2019-04-06 v L3 backend support: xdvipdfmx
\g__graphics_track_int=\count283
\l__pdf_internal_box=\box60
\g__pdf_backend_object_int=\count284
\g__pdf_backend_annotation_int=\count285
))
Package: xeCJK 2019/06/02 v3.7.4 Typesetting CJK scripts with XeLaTeX
 (/usr/local/texlive/2017/texmf-dist/tex/latex/l3packages/xtemplate/xtemplate.sty
Package: xtemplate 2019-05-28 L3 Experimental prototype document functions
\l__xtemplate_tmp_dim=\dimen257
\l__xtemplate_tmp_int=\count286
\l__xtemplate_tmp_muskip=\muskip17
\l__xtemplate_tmp_skip=\skip84
) (/usr/local/texlive/2017/texmf-dist/tex/latex/l3packages/xparse/xparse.sty
Package: xparse 2019-05-28 L3 Experimental document command parser
\l__xparse_current_arg_int=\count287
\g__xparse_grabber_int=\count288
\l__xparse_m_args_int=\count289
\l__xparse_v_nesting_int=\count290
) (/usr/local/texlive/2017/texmf-dist/tex/latex/l3packages/l3keys2e/l3keys2e.sty
Package: l3keys2e 2019-05-28 LaTeX2e option processing using LaTeX3 keys
)
\l__xeCJK_tmp_int=\count291
\l__xeCJK_tmp_box=\box61
\l__xeCJK_tmp_dim=\dimen258
\l__xeCJK_tmp_skip=\skip85
\g__xeCJK_space_factor_int=\count292
\l__xeCJK_begin_int=\count293
\l__xeCJK_end_int=\count294
\c__xeCJK_CJK_class_int=\XeTeXcharclass1
\c__xeCJK_FullLeft_class_int=\XeTeXcharclass2
\c__xeCJK_FullRight_class_int=\XeTeXcharclass3
\c__xeCJK_HalfLeft_class_int=\XeTeXcharclass4
\c__xeCJK_HalfRight_class_int=\XeTeXcharclass5
\c__xeCJK_NormalSpace_class_int=\XeTeXcharclass6
\c__xeCJK_CM_class_int=\XeTeXcharclass7
\c__xeCJK_HangulJamo_class_int=\XeTeXcharclass8
\l__xeCJK_last_skip=\skip86
\g__xeCJK_node_int=\count295
\c__xeCJK_CJK_node_dim=\dimen259
\c__xeCJK_CJK-space_node_dim=\dimen260
\c__xeCJK_default_node_dim=\dimen261
\c__xeCJK_default-space_node_dim=\dimen262
\c__xeCJK_CJK-widow_node_dim=\dimen263
\c__xeCJK_normalspace_node_dim=\dimen264
\l__xeCJK_ccglue_skip=\skip87
\l__xeCJK_ecglue_skip=\skip88
\l__xeCJK_punct_kern_skip=\skip89
\l__xeCJK_last_penalty_int=\count296
\l__xeCJK_last_bound_dim=\dimen265
\l__xeCJK_last_kern_dim=\dimen266
\l__xeCJK_widow_penalty_int=\count297

Package xtemplate Info: Declaring object type 'xeCJK/punctuation' taking 0
(xtemplate)             argument(s) on line 2323.

\l__xeCJK_fixed_punct_width_dim=\dimen267
\l__xeCJK_mixed_punct_width_dim=\dimen268
\l__xeCJK_middle_punct_width_dim=\dimen269
\l__xeCJK_fixed_margin_width_dim=\dimen270
\l__xeCJK_mixed_margin_width_dim=\dimen271
\l__xeCJK_middle_margin_width_dim=\dimen272
\l__xeCJK_bound_punct_width_dim=\dimen273
\l__xeCJK_bound_margin_width_dim=\dimen274
\l__xeCJK_margin_minimum_dim=\dimen275
\l__xeCJK_kerning_total_width_dim=\dimen276
\l__xeCJK_same_align_margin_dim=\dimen277
\l__xeCJK_different_align_margin_dim=\dimen278
\l__xeCJK_kerning_margin_width_dim=\dimen279
\l__xeCJK_kerning_margin_minimum_dim=\dimen280
\l__xeCJK_bound_dim=\dimen281
\l__xeCJK_reverse_bound_dim=\dimen282
\l__xeCJK_margin_dim=\dimen283
\l__xeCJK_minimum_bound_dim=\dimen284
\l__xeCJK_kerning_margin_dim=\dimen285
\g__xeCJK_family_int=\count298
\l__xeCJK_fam_int=\count299
\g__xeCJK_fam_allocation_int=\count300
\l__xeCJK_verb_case_int=\count301
\l__xeCJK_verb_exspace_skip=\skip90
 (/usr/local/texlive/2017/texmf-dist/tex/latex/fontspec/fontspec.sty
Package: fontspec 2019/03/15 v2.7c Font selection for XeLaTeX and LuaLaTeX
 (/usr/local/texlive/2017/texmf-dist/tex/latex/fontspec/fontspec-xetex.sty
Package: fontspec-xetex 2019/03/15 v2.7c Font selection for XeLaTeX and LuaLaTeX
\l__fontspec_script_int=\count302
\l__fontspec_language_int=\count303
\l__fontspec_strnum_int=\count304
\l__fontspec_tmp_int=\count305
\l__fontspec_tmpa_int=\count306
\l__fontspec_tmpb_int=\count307
\l__fontspec_tmpc_int=\count308
\l__fontspec_em_int=\count309
\l__fontspec_emdef_int=\count310
\l__fontspec_strong_int=\count311
\l__fontspec_strongdef_int=\count312
\l__fontspec_tmpa_dim=\dimen286
\l__fontspec_tmpb_dim=\dimen287
\l__fontspec_tmpc_dim=\dimen288
 (/usr/local/texlive/2017/texmf-dist/tex/latex/base/fontenc.sty
Package: fontenc 2018/08/11 v2.0j Standard LaTeX package
 (/usr/local/texlive/2017/texmf-dist/tex/latex/base/tuenc.def
File: tuenc.def 2018/08/11 v2.0j Standard LaTeX file
LaTeX Font Info:    Redeclaring font encoding TU on input line 82.
)) (/usr/local/texlive/2017/texmf-dist/tex/latex/fontspec/fontspec.cfg)
LaTeX Info: Redefining \itshape on input line 4051.
LaTeX Info: Redefining \slshape on input line 4056.
LaTeX Info: Redefining \scshape on input line 4061.
LaTeX Info: Redefining \upshape on input line 4066.
LaTeX Info: Redefining \em on input line 4096.
LaTeX Info: Redefining \emph on input line 4121.
)) (/usr/local/texlive/2017/texmf-dist/tex/xelatex/xecjk/xeCJK.cfg
File: xeCJK.cfg 2019/06/02 v3.7.4 Configuration file for xeCJK package
)) (/usr/local/texlive/2017/texmf-dist/tex/latex/zhnumber/zhnumber.sty
Package: zhnumber 2019/04/07 v2.7 Typesetting numbers with Chinese glyphs
\l__zhnum_scale_int=\count313
 (/usr/local/texlive/2017/texmf-dist/tex/latex/zhnumber/zhnumber-utf8.cfg
File: zhnumber-utf8.cfg 2019/04/07 v2.7 Chinese numerals with UTF8 encoding
)) (/usr/local/texlive/2017/texmf-dist/tex/latex/tools/indentfirst.sty
Package: indentfirst 1995/11/23 v1.03 Indent first paragraph (DPC)
) (/usr/local/texlive/2017/texmf-dist/tex/latex/natbib/natbib.sty
Package: natbib 2010/09/13 8.31b (PWD, AO)
\bibhang=\skip91
\bibsep=\skip92
LaTeX Info: Redefining \cite on input line 694.
\c@NAT@ctr=\count314
) (/usr/local/texlive/2017/texmf-dist/tex/latex/hyperref/hyperref.sty
Package: hyperref 2019/09/12 v6.88i Hypertext links for LaTeX
 (/usr/local/texlive/2017/texmf-dist/tex/generic/oberdiek/hobsub-hyperref.sty
Package: hobsub-hyperref 2016/05/16 v1.14 Bundle oberdiek, subset hyperref (HO)
 (/usr/local/texlive/2017/texmf-dist/tex/generic/oberdiek/hobsub-generic.sty
Package: hobsub-generic 2016/05/16 v1.14 Bundle oberdiek, subset generic (HO)
Package: hobsub 2016/05/16 v1.14 Construct package bundles (HO)
Package: infwarerr 2016/05/16 v1.4 Providing info/warning/error messages (HO)
Package: ltxcmds 2016/05/16 v1.23 LaTeX kernel commands for general use (HO)
Package: ifluatex 2016/05/16 v1.4 Provides the ifluatex switch (HO)
Package ifluatex Info: LuaTeX not detected.
Package hobsub Info: Skipping package `ifvtex' (already loaded).
Package: intcalc 2016/05/16 v1.2 Expandable calculations with integers (HO)
Package hobsub Info: Skipping package `ifpdf' (already loaded).
Package: etexcmds 2016/05/16 v1.6 Avoid name clashes with e-TeX commands (HO)
Package: kvsetkeys 2016/05/16 v1.17 Key value parser (HO)
Package: kvdefinekeys 2016/05/16 v1.4 Define keys (HO)
Package: pdftexcmds 2019/07/25 v0.30 Utility functions of pdfTeX for LuaTeX (HO)
Package pdftexcmds Info: LuaTeX not detected.
Package pdftexcmds Info: pdfTeX >= 1.30 not detected.
Package pdftexcmds Info: \pdf@primitive is available.
Package pdftexcmds Info: \pdf@ifprimitive is available.
Package pdftexcmds Info: \pdfdraftmode not found.
Package: pdfescape 2016/05/16 v1.14 Implements pdfTeX's escape features (HO)
Package: bigintcalc 2016/05/16 v1.4 Expandable calculations on big integers (HO)
Package: bitset 2016/05/16 v1.2 Handle bit-vector datatype (HO)
Package: uniquecounter 2016/05/16 v1.3 Provide unlimited unique counter (HO)
)
Package hobsub Info: Skipping package `hobsub' (already loaded).
Package: letltxmacro 2016/05/16 v1.5 Let assignment for LaTeX macros (HO)
Package: hopatch 2016/05/16 v1.3 Wrapper for package hooks (HO)
Package: xcolor-patch 2016/05/16 xcolor patch
Package: atveryend 2016/05/16 v1.9 Hooks at the very end of document (HO)
Package atveryend Info: \enddocument detected (standard20110627).
Package: atbegshi 2016/06/09 v1.18 At begin shipout hook (HO)
Package: refcount 2016/05/16 v3.5 Data extraction from label references (HO)
Package: hycolor 2016/05/16 v1.8 Color options for hyperref/bookmark (HO)
) (/usr/local/texlive/2017/texmf-dist/tex/latex/oberdiek/auxhook.sty
Package: auxhook 2016/05/16 v1.4 Hooks for auxiliary files (HO)
) (/usr/local/texlive/2017/texmf-dist/tex/latex/oberdiek/kvoptions.sty
Package: kvoptions 2016/05/16 v3.12 Key value format for package options (HO)
)
\@linkdim=\dimen289
\Hy@linkcounter=\count315
\Hy@pagecounter=\count316
 (/usr/local/texlive/2017/texmf-dist/tex/latex/hyperref/pd1enc.def
File: pd1enc.def 2019/09/12 v6.88i Hyperref: PDFDocEncoding definition (HO)
)
\Hy@SavedSpaceFactor=\count317
 (/usr/local/texlive/2017/texmf-dist/tex/latex/latexconfig/hyperref.cfg
File: hyperref.cfg 2002/06/06 v1.2 hyperref configuration of TeXLive
)
Package hyperref Info: Option `colorlinks' set `true' on input line 4424.
Package hyperref Info: Hyper figures OFF on input line 4550.
Package hyperref Info: Link nesting OFF on input line 4555.
Package hyperref Info: Hyper index ON on input line 4558.
Package hyperref Info: Plain pages OFF on input line 4565.
Package hyperref Info: Backreferencing OFF on input line 4570.
Package hyperref Info: Implicit mode ON; LaTeX internals redefined.
Package hyperref Info: Bookmarks ON on input line 4803.
\c@Hy@tempcnt=\count318
 (/usr/local/texlive/2017/texmf-dist/tex/latex/url/url.sty
\Urlmuskip=\muskip18
Package: url 2013/09/16  ver 3.4  Verb mode for urls, etc.
)
LaTeX Info: Redefining \url on input line 5156.
\XeTeXLinkMargin=\dimen290
\Fld@menulength=\count319
\Field@Width=\dimen291
\Fld@charsize=\dimen292
Package hyperref Info: Hyper figures OFF on input line 6411.
Package hyperref Info: Link nesting OFF on input line 6416.
Package hyperref Info: Hyper index ON on input line 6419.
Package hyperref Info: backreferencing OFF on input line 6426.
Package hyperref Info: Link coloring ON on input line 6429.
Package hyperref Info: Link coloring with OCG OFF on input line 6436.
Package hyperref Info: PDF/A mode OFF on input line 6441.
LaTeX Info: Redefining \ref on input line 6481.
LaTeX Info: Redefining \pageref on input line 6485.
\Hy@abspage=\count320
\c@Item=\count321
\c@Hfootnote=\count322
)
Package hyperref Info: Driver (autodetected): hxetex.
 (/usr/local/texlive/2017/texmf-dist/tex/latex/hyperref/hxetex.def
File: hxetex.def 2019/09/12 v6.88i Hyperref driver for XeTeX
 (/usr/local/texlive/2017/texmf-dist/tex/latex/hyperref/puenc.def
File: puenc.def 2019/09/12 v6.88i Hyperref: PDF Unicode definition (HO)
) (/usr/local/texlive/2017/texmf-dist/tex/generic/oberdiek/stringenc.sty
Package: stringenc 2016/05/16 v1.11 Convert strings between diff. encodings (HO)
)
\pdfm@box=\box62
\c@Hy@AnnotLevel=\count323
\HyField@AnnotCount=\count324
\Fld@listcount=\count325
\c@bookmark@seq@number=\count326
 (/usr/local/texlive/2017/texmf-dist/tex/latex/oberdiek/rerunfilecheck.sty
Package: rerunfilecheck 2016/05/16 v1.8 Rerun checks for auxiliary files (HO)
Package uniquecounter Info: New unique counter `rerunfilecheck' on input line 282.
)
\Hy@SectionHShift=\skip93
) (/usr/local/texlive/2017/texmf-dist/tex/latex/datetime/datetime.sty
Package: datetime 2015/03/20 v2.60 Date Time Package
 (/usr/local/texlive/2017/texmf-dist/tex/latex/etoolbox/etoolbox.sty
Package: etoolbox 2019/09/21 v2.5h e-TeX tools for LaTeX (JAW)
\etb@tempcnta=\count327
) (/usr/local/texlive/2017/texmf-dist/tex/latex/fmtcount/fmtcount.sty
Invalid UTF-8 byte or sequence at line 10 replaced by U+FFFD.
Invalid UTF-8 byte or sequence at line 22 replaced by U+FFFD.
Package: fmtcount 2017/12/24 v3.05
 (/usr/local/texlive/2017/texmf-dist/tex/latex/xkeyval/xkeyval.sty
Package: xkeyval 2014/12/03 v2.7a package option processing (HA)
 (/usr/local/texlive/2017/texmf-dist/tex/generic/xkeyval/xkeyval.tex (/usr/local/texlive/2017/texmf-dist/tex/generic/xkeyval/xkvutils.tex
\XKV@toks=\toks47
\XKV@tempa@toks=\toks48
)
\XKV@depth=\count328
File: xkeyval.tex 2014/12/03 v2.7a key=value parser (HA)
)) (/usr/local/texlive/2017/texmf-dist/tex/latex/fmtcount/fcprefix.sty
Invalid UTF-8 byte or sequence at line 10 replaced by U+FFFD.
Invalid UTF-8 byte or sequence at line 22 replaced by U+FFFD.
Package: fcprefix 2012/09/28
 (/usr/local/texlive/2017/texmf-dist/tex/latex/fmtcount/fcnumparser.sty
Invalid UTF-8 byte or sequence at line 10 replaced by U+FFFD.
Invalid UTF-8 byte or sequence at line 22 replaced by U+FFFD.
Package: fcnumparser 2017/06/15
\fc@digit@counter=\count329
))
\c@padzeroesN=\count330
\fc@tmpcatcode=\count331
\@DT@modctr=\count332
\@ordinalctr=\count333
\@orgargctr=\count334
\@strctr=\count335
\@tmpstrctr=\count336
\@DT@loopN=\count337
\@DT@X=\count338
) (/usr/local/texlive/2017/texmf-dist/tex/latex/datetime/datetime-defaults.sty
Package: datetime-defaults 2013/09/10
)
\@day=\count339
\@month=\count340
\@year=\count341
\c@HOUR=\count342
\c@HOURXII=\count343
\c@MINUTE=\count344
\c@TOHOUR=\count345
\c@TOMINUTE=\count346
\c@SECOND=\count347
\currenthour=\count348
\currentminute=\count349
\currentsecond=\count350
Package datetime Info: No datetime.cfg file found, using default settings on input line 308.
\@dtctr=\count351
\dayofyear=\count352
\dayofweek=\count353
LaTeX Info: Redefining \today on input line 736.
\dt@a=\toks49
\dt@b=\toks50
)

Package fontspec Info: Font family 'TimesNewRoman(0)' created for font 'Times
(fontspec)             New Roman' with options
(fontspec)             [Mapping=tex-text,Ligatures=TeX].
(fontspec)              
(fontspec)              This font family consists of the following NFSS
(fontspec)             series/shapes:
(fontspec)              
(fontspec)             - 'normal' (m/n) with NFSS spec.: <->"Times New
(fontspec)             Roman/OT:script=latn;language=DFLT;mapping=tex-text;"
(fontspec)             - 'small caps'  (m/sc) with NFSS spec.: 
(fontspec)             - 'bold' (bx/n) with NFSS spec.: <->"Times New
(fontspec)             Roman/B/OT:script=latn;language=DFLT;mapping=tex-text;"
(fontspec)             - 'bold small caps'  (bx/sc) with NFSS spec.: 
(fontspec)             - 'italic' (m/it) with NFSS spec.: <->"Times New
(fontspec)             Roman/I/OT:script=latn;language=DFLT;mapping=tex-text;"
(fontspec)             - 'italic small caps'  (m/itsc) with NFSS spec.: 
(fontspec)             - 'bold italic' (bx/it) with NFSS spec.: <->"Times New
(fontspec)             Roman/BI/OT:script=latn;language=DFLT;mapping=tex-text;"
(fontspec)             - 'bold italic small caps'  (bx/itsc) with NFSS spec.: 

LaTeX Info: Redefining \rmfamily on input line 160.

Package fontspec Info: Font family 'Arial(0)' created for font 'Arial' with
(fontspec)             options [Mapping=tex-text,Ligatures=TeX].
(fontspec)              
(fontspec)              This font family consists of the following NFSS
(fontspec)             series/shapes:
(fontspec)              
(fontspec)             - 'normal' (m/n) with NFSS spec.:
(fontspec)             <->"Arial/OT:script=latn;language=DFLT;mapping=tex-text;"
(fontspec)             - 'small caps'  (m/sc) with NFSS spec.: 
(fontspec)             - 'bold' (bx/n) with NFSS spec.:
(fontspec)             <->"Arial/B/OT:script=latn;language=DFLT;mapping=tex-text;"
(fontspec)             - 'bold small caps'  (bx/sc) with NFSS spec.: 
(fontspec)             - 'italic' (m/it) with NFSS spec.:
(fontspec)             <->"Arial/I/OT:script=latn;language=DFLT;mapping=tex-text;"
(fontspec)             - 'italic small caps'  (m/itsc) with NFSS spec.: 
(fontspec)             - 'bold italic' (bx/it) with NFSS spec.:
(fontspec)             <->"Arial/BI/OT:script=latn;language=DFLT;mapping=tex-text;"
(fontspec)             - 'bold italic small caps'  (bx/itsc) with NFSS spec.: 

LaTeX Info: Redefining \sffamily on input line 160.

Package fontspec Info: Font family 'CourierNew(0)' created for font 'Courier
(fontspec)             New' with options
(fontspec)             [Mapping=tex-text,WordSpace={1,0,0},HyphenChar=None,PunctuationSpace=WordSpace].
(fontspec)              
(fontspec)              This font family consists of the following NFSS
(fontspec)             series/shapes:
(fontspec)              
(fontspec)             - 'normal' (m/n) with NFSS spec.: <->"Courier
(fontspec)             New/OT:script=latn;language=DFLT;mapping=tex-text;"
(fontspec)             - 'small caps'  (m/sc) with NFSS spec.: 
(fontspec)             and font adjustment code:
(fontspec)             \fontdimen 2\font =1\fontdimen 2\font \fontdimen 3\font
(fontspec)             =0\fontdimen 3\font \fontdimen 4\font =0\fontdimen
(fontspec)             4\font \fontdimen 7\font =0\fontdimen 2\font
(fontspec)             \tex_hyphenchar:D \font =-1\scan_stop: 
(fontspec)             - 'bold' (bx/n) with NFSS spec.: <->"Courier
(fontspec)             New/B/OT:script=latn;language=DFLT;mapping=tex-text;"
(fontspec)             - 'bold small caps'  (bx/sc) with NFSS spec.: 
(fontspec)             and font adjustment code:
(fontspec)             \fontdimen 2\font =1\fontdimen 2\font \fontdimen 3\font
(fontspec)             =0\fontdimen 3\font \fontdimen 4\font =0\fontdimen
(fontspec)             4\font \fontdimen 7\font =0\fontdimen 2\font
(fontspec)             \tex_hyphenchar:D \font =-1\scan_stop: 
(fontspec)             - 'italic' (m/it) with NFSS spec.: <->"Courier
(fontspec)             New/I/OT:script=latn;language=DFLT;mapping=tex-text;"
(fontspec)             - 'italic small caps'  (m/itsc) with NFSS spec.: 
(fontspec)             and font adjustment code:
(fontspec)             \fontdimen 2\font =1\fontdimen 2\font \fontdimen 3\font
(fontspec)             =0\fontdimen 3\font \fontdimen 4\font =0\fontdimen
(fontspec)             4\font \fontdimen 7\font =0\fontdimen 2\font
(fontspec)             \tex_hyphenchar:D \font =-1\scan_stop: 
(fontspec)             - 'bold italic' (bx/it) with NFSS spec.: <->"Courier
(fontspec)             New/BI/OT:script=latn;language=DFLT;mapping=tex-text;"
(fontspec)             - 'bold italic small caps'  (bx/itsc) with NFSS spec.: 
(fontspec)             and font adjustment code:
(fontspec)             \fontdimen 2\font =1\fontdimen 2\font \fontdimen 3\font
(fontspec)             =0\fontdimen 3\font \fontdimen 4\font =0\fontdimen
(fontspec)             4\font \fontdimen 7\font =0\fontdimen 2\font
(fontspec)             \tex_hyphenchar:D \font =-1\scan_stop: 

LaTeX Info: Redefining \ttfamily on input line 160.

Package fontspec Info: Could not resolve font "STZhongsong/I" (it probably
(fontspec)             doesn't exist).


Package fontspec Info: Could not resolve font "Adobe Song Std/BI" (it probably
(fontspec)             doesn't exist).


Package fontspec Info: Could not resolve font "Adobe Song Std/I" (it probably
(fontspec)             doesn't exist).


Package fontspec Info: Font family 'AdobeSongStd(0)' created for font 'Adobe
(fontspec)             Song Std' with options
(fontspec)             [Mapping=tex-text,Script={CJK},BoldFont={STZhongsong}].
(fontspec)              
(fontspec)              This font family consists of the following NFSS
(fontspec)             series/shapes:
(fontspec)              
(fontspec)             - 'normal' (m/n) with NFSS spec.: <->"Adobe Song
(fontspec)             Std/OT:script=hani;language=DFLT;mapping=tex-text;"
(fontspec)             - 'small caps'  (m/sc) with NFSS spec.: 
(fontspec)             - 'bold' (bx/n) with NFSS spec.:
(fontspec)             <->"STZhongsong/OT:script=hani;language=DFLT;mapping=tex-text;"
(fontspec)             - 'bold small caps'  (bx/sc) with NFSS spec.: 

\thu@linespace=\skip94
\CJK@twochars=\skip95
\biblabelwd=\skip96
\c@currproofctr=\count354
\c@endproofctr=\count355
\c@proof=\count356
\c@currassumptionctr=\count357
\c@endassumptionctr=\count358
\c@assumption=\count359
\c@currdefinitionctr=\count360
\c@enddefinitionctr=\count361
\c@definition=\count362
\c@currlemmactr=\count363
\c@endlemmactr=\count364
\c@lemma=\count365
\c@currtheoremctr=\count366
\c@endtheoremctr=\count367
\c@theorem=\count368
\c@curraxiomctr=\count369
\c@endaxiomctr=\count370
\c@axiom=\count371
\c@currcorollaryctr=\count372
\c@endcorollaryctr=\count373
\c@corollary=\count374
\c@currconjecturectr=\count375
\c@endconjecturectr=\count376
\c@conjecture=\count377
\c@currpropositionctr=\count378
\c@endpropositionctr=\count379
\c@proposition=\count380
\c@currexercisectr=\count381
\c@endexercisectr=\count382
\c@exercise=\count383
\c@currexamplectr=\count384
\c@endexamplectr=\count385
\c@example=\count386
\c@currproblemctr=\count387
\c@endproblemctr=\count388
\c@problem=\count389
\c@currremarkctr=\count390
\c@endremarkctr=\count391
\c@remark=\count392
\displaytitle=\toks51
) (/Users/code2hack/Library/texmf/tex/latex/local/notes.sty
Package: notes 2019/09/29 code2hack
 (/usr/local/texlive/2017/texmf-dist/tex/latex/doublestroke/dsfont.sty
Package: dsfont 1995/08/01 v0.1 Double stroke roman fonts
) (/usr/local/texlive/2017/texmf-dist/tex/latex/pdfpages/pdfpages.sty
Package: pdfpages 2019/09/21 v0.5n Insert pages of external PDF documents (AM)
 (/usr/local/texlive/2017/texmf-dist/tex/latex/eso-pic/eso-pic.sty
Package: eso-pic 2018/04/12 v2.0h eso-pic (RN)
)
\AM@pagewidth=\dimen293
\AM@pageheight=\dimen294
 (/usr/local/texlive/2017/texmf-dist/tex/latex/pdfpages/ppxetex.def
File: ppxetex.def 2019/09/21 v0.5n Pdfpages driver for XeTeX (AM)
)
\AM@pagebox=\box63
\AM@global@opts=\toks52
\AM@toc@title=\toks53
\c@AM@survey=\count393
\AM@templatesizebox=\box64
) (/usr/local/texlive/2017/texmf-dist/tex/latex/tools/verbatim.sty
Package: verbatim 2014/10/28 v1.5q LaTeX2e package for verbatim enhancements
\every@verbatim=\toks54
\verbatim@line=\toks55
\verbatim@in@stream=\read2
) (/usr/local/texlive/2017/texmf-dist/tex/latex/oberdiek/grffile.sty
Package: grffile 2017/06/30 v1.18 Extended file name support for graphics (HO)
Package grffile Info: Option `multidot' is set to `true'.
Package grffile Info: Option `extendedchars' is set to `false'.
Package grffile Info: Option `space' is set to `true'.
Package grffile Info: \Gin@ii of package `graphicx' fixed on input line 494.
) (/usr/local/texlive/2017/texmf-dist/tex/latex/listings/listings.sty
\lst@mode=\count394
\lst@gtempboxa=\box65
\lst@token=\toks56
\lst@length=\count395
\lst@currlwidth=\dimen295
\lst@column=\count396
\lst@pos=\count397
\lst@lostspace=\dimen296
\lst@width=\dimen297
\lst@newlines=\count398
\lst@lineno=\count399
\lst@maxwidth=\dimen298
 (/usr/local/texlive/2017/texmf-dist/tex/latex/listings/lstmisc.sty
File: lstmisc.sty 2019/09/10 1.8c (Carsten Heinz)
\c@lstnumber=\count400
\lst@skipnumbers=\count401
\lst@framebox=\box66
) (/usr/local/texlive/2017/texmf-dist/tex/latex/listings/listings.cfg
File: listings.cfg 2019/09/10 1.8c listings configuration
))
Package: listings 2019/09/10 1.8c (Carsten Heinz)
 (/usr/local/texlive/2017/texmf-dist/tex/latex/unicode-math/unicode-math.sty
Package: unicode-math 2019/03/04 v0.8o Unicode maths in XeLaTeX and LuaLaTeX
 (/usr/local/texlive/2017/texmf-dist/tex/latex/unicode-math/unicode-math-xetex.sty
Package: unicode-math-xetex 2019/03/04 v0.8o Unicode maths in XeLaTeX and LuaLaTeX
 (/usr/local/texlive/2017/texmf-dist/tex/latex/filehook/filehook.sty
Package: filehook 2019/08/19 v0.5e Hooks for input files
) (/usr/local/texlive/2017/texmf-dist/tex/latex/base/fix-cm.sty
Package: fix-cm 2015/01/14 v1.1t fixes to LaTeX
 (/usr/local/texlive/2017/texmf-dist/tex/latex/base/ts1enc.def
File: ts1enc.def 2001/06/05 v3.0e (jk/car/fm) Standard LaTeX file
))
\g__um_fam_int=\count402
\g__um_fonts_used_int=\count403
\l__um_primecount_int=\count404
\g__um_primekern_muskip=\muskip19
 (/usr/local/texlive/2017/texmf-dist/tex/latex/unicode-math/unicode-math-table.tex)

Package unicode-math Info: I'm going to patch macro \subarray.


Package unicode-math Info: I'm going to patch macro \r@@t.

)) (/usr/local/texlive/2017/texmf-dist/tex/latex/listings/lstlang1.sty
File: lstlang1.sty 2019/09/10 1.8c listings language file
) (/usr/local/texlive/2017/texmf-dist/tex/latex/listings/lstlang1.sty
File: lstlang1.sty 2019/09/10 1.8c listings language file
) (/usr/local/texlive/2017/texmf-dist/tex/latex/listings/lstmisc.sty
File: lstmisc.sty 2019/09/10 1.8c (Carsten Heinz)
)
Package hyperref Info: Option `colorlinks' set `true' on input line 41.
\c@topic=\count405
) (/usr/local/texlive/2017/texmf-dist/tex/latex/lm/lmodern.sty
Package: lmodern 2009/10/30 v1.6 Latin Modern Fonts
LaTeX Font Info:    Overwriting symbol font `operators' in version `normal'
(Font)                  OT1/cmr/m/n --> OT1/lmr/m/n on input line 22.
LaTeX Font Info:    Overwriting symbol font `letters' in version `normal'
(Font)                  OML/cmm/m/it --> OML/lmm/m/it on input line 23.
LaTeX Font Info:    Overwriting symbol font `symbols' in version `normal'
(Font)                  OMS/cmsy/m/n --> OMS/lmsy/m/n on input line 24.
LaTeX Font Info:    Overwriting symbol font `largesymbols' in version `normal'
(Font)                  OMX/cmex/m/n --> OMX/lmex/m/n on input line 25.
LaTeX Font Info:    Overwriting symbol font `operators' in version `bold'
(Font)                  OT1/cmr/bx/n --> OT1/lmr/bx/n on input line 26.
LaTeX Font Info:    Overwriting symbol font `letters' in version `bold'
(Font)                  OML/cmm/b/it --> OML/lmm/b/it on input line 27.
LaTeX Font Info:    Overwriting symbol font `symbols' in version `bold'
(Font)                  OMS/cmsy/b/n --> OMS/lmsy/b/n on input line 28.
LaTeX Font Info:    Overwriting symbol font `largesymbols' in version `bold'
(Font)                  OMX/cmex/m/n --> OMX/lmex/m/n on input line 29.
LaTeX Font Info:    Overwriting math alphabet `\mathbf' in version `normal'
(Font)                  OT1/cmr/bx/n --> OT1/lmr/bx/n on input line 31.
LaTeX Font Info:    Overwriting math alphabet `\mathsf' in version `normal'
(Font)                  OT1/cmss/m/n --> OT1/lmss/m/n on input line 32.
LaTeX Font Info:    Overwriting math alphabet `\mathit' in version `normal'
(Font)                  OT1/cmr/m/it --> OT1/lmr/m/it on input line 33.
LaTeX Font Info:    Overwriting math alphabet `\mathtt' in version `normal'
(Font)                  OT1/cmtt/m/n --> OT1/lmtt/m/n on input line 34.
LaTeX Font Info:    Overwriting math alphabet `\mathbf' in version `bold'
(Font)                  OT1/cmr/bx/n --> OT1/lmr/bx/n on input line 35.
LaTeX Font Info:    Overwriting math alphabet `\mathsf' in version `bold'
(Font)                  OT1/cmss/bx/n --> OT1/lmss/bx/n on input line 36.
LaTeX Font Info:    Overwriting math alphabet `\mathit' in version `bold'
(Font)                  OT1/cmr/bx/it --> OT1/lmr/bx/it on input line 37.
LaTeX Font Info:    Overwriting math alphabet `\mathtt' in version `bold'
(Font)                  OT1/cmtt/m/n --> OT1/lmtt/m/n on input line 38.
) (.//mynudt.sty
Package: mynudt 2009/08/20 by you
 (/usr/local/texlive/2017/texmf-dist/tex/latex/cases/cases.sty
Package: cases 2002/05/02 ver 2.5 
) (/usr/local/texlive/2017/texmf-dist/tex/latex/fancyvrb/fancyvrb.sty
Package: fancyvrb 2019/01/15
 Style option: `fancyvrb' v3.2a <2019/01/15> (tvz)
\FV@CodeLineNo=\count406
\FV@InFile=\read3
\FV@TabBox=\box67
\c@FancyVerbLine=\count407
\FV@StepNumber=\count408
\FV@OutFile=\write3
) (/usr/local/texlive/2017/texmf-dist/tex/latex/algorithms/algorithm.sty
Invalid UTF-8 byte or sequence at line 11 replaced by U+FFFD.
Package: algorithm 2009/08/24 v0.1 Document Style `algorithm' - floating environment
\@float@every@algorithm=\toks57
\c@algorithm=\count409
) (/usr/local/texlive/2017/texmf-dist/tex/latex/algorithms/algorithmic.sty
Invalid UTF-8 byte or sequence at line 11 replaced by U+FFFD.
Package: algorithmic 2009/08/24 v0.1 Document Style `algorithmic'
\c@ALC@unique=\count410
\c@ALC@line=\count411
\c@ALC@rem=\count412
\c@ALC@depth=\count413
\ALC@tlm=\skip97
\algorithmicindent=\skip98
) (/usr/local/texlive/2017/texmf-dist/tex/latex/framed/framed.sty
Package: framed 2011/10/22 v 0.96: framed or shaded text with page breaks
\OuterFrameSep=\skip99
\fb@frw=\dimen299
\fb@frh=\dimen300
\FrameRule=\dimen301
\FrameSep=\dimen302
) (/usr/local/texlive/2017/texmf-dist/tex/latex/nomencl/nomencl.sty
Package: nomencl 2019/05/05 v5.2 Nomenclature package
 (/usr/local/texlive/2017/texmf-dist/tex/latex/koma-script/tocbasic.sty
Package: tocbasic 2019/02/01 v3.26b KOMA-Script package (handling toc-files)
 (/usr/local/texlive/2017/texmf-dist/tex/latex/koma-script/scrbase.sty
Package: scrbase 2019/02/01 v3.26b KOMA-Script package (KOMA-Script-independent basics and keyval usage)
 (/usr/local/texlive/2017/texmf-dist/tex/latex/koma-script/scrlfile.sty
Package: scrlfile 2019/02/01 v3.26b KOMA-Script package (loading files)
) (/usr/local/texlive/2017/texmf-dist/tex/latex/filehook/filehook-scrlfile.sty
Package: filehook-scrlfile 2011/01/03 v0.1 filehook patch for scrlfile package
Package filehook Info: Package 'scrlfile' detected and compensated for on input line 101.
))
\scr@dte@tocline@numberwidth=\skip100
\scr@dte@tocline@numbox=\box68
)
Package tocbasic Info: setting babel extension for `nlo' on input line 155.
Package tocbasic Info: setting babel extension for `nls' on input line 156.
\nomlabelwidth=\dimen303
\nom@tempdim=\dimen304
\nomitemsep=\skip101
)) (/usr/local/texlive/2017/texmf-dist/tex/xelatex/xecjk/xeCJK-listings.sty
Package: xeCJK-listings 2019/06/02 v3.7.4 xeCJK patch file for listings
\l__xeCJK_listings_max_char_int=\count414
\l__xeCJK_listings_flag_int=\count415
) (.//thesis.aux)
\openout1 = `thesis.aux'.

LaTeX Font Info:    Checking defaults for OML/cmm/m/it on input line 78.
LaTeX Font Info:    ... okay on input line 78.
LaTeX Font Info:    Checking defaults for T1/cmr/m/n on input line 78.
LaTeX Font Info:    ... okay on input line 78.
LaTeX Font Info:    Checking defaults for OT1/cmr/m/n on input line 78.
LaTeX Font Info:    ... okay on input line 78.
LaTeX Font Info:    Checking defaults for OMS/cmsy/m/n on input line 78.
LaTeX Font Info:    ... okay on input line 78.
LaTeX Font Info:    Checking defaults for TU/lmr/m/n on input line 78.
LaTeX Font Info:    ... okay on input line 78.
LaTeX Font Info:    Checking defaults for OMX/cmex/m/n on input line 78.
LaTeX Font Info:    ... okay on input line 78.
LaTeX Font Info:    Checking defaults for U/cmr/m/n on input line 78.
LaTeX Font Info:    ... okay on input line 78.
LaTeX Font Info:    Checking defaults for PD1/pdf/m/n on input line 78.
LaTeX Font Info:    ... okay on input line 78.
LaTeX Font Info:    Checking defaults for PU/pdf/m/n on input line 78.
LaTeX Font Info:    ... okay on input line 78.
LaTeX Font Info:    Checking defaults for TS1/cmr/m/n on input line 78.
LaTeX Font Info:    ... okay on input line 78.

*geometry* driver: auto-detecting
*geometry* detected driver: xetex
*geometry* verbose mode - [ preamble ] result:
* driver: xetex
* paper: <default>
* layout: <same size as paper>
* layoutoffset:(h,v)=(0.0pt,0.0pt)
* modes: includehead includefoot twoside 
* h-part:(L,W,R)=(85.35826pt, 426.79135pt, 85.35826pt)
* v-part:(T,H,B)=(59.75078pt, 712.74155pt, 72.55452pt)
* \paperwidth=597.50787pt
* \paperheight=845.04684pt
* \textwidth=426.79135pt
* \textheight=658.68135pt
* \oddsidemargin=13.08827pt
* \evensidemargin=13.08827pt
* \topmargin=-12.51921pt
* \headheight=25.60747pt
* \headsep=2.84526pt
* \topskip=0.0pt
* \footskip=25.60747pt
* \marginparwidth=88.0pt
* \marginparsep=7.0pt
* \columnsep=10.0pt
* \skip\footins=10.8pt plus 4.0pt minus 2.0pt
* \hoffset=0.0pt
* \voffset=0.0pt
* \mag=1000
* \@twocolumnfalse
* \@twosidetrue
* \@mparswitchtrue
* \@reversemarginfalse
* (1in=72.27pt=25.4mm, 1cm=28.453pt)

Package caption Info: Begin \AtBeginDocument code.
Package caption Info: subfig package v1.3 is loaded.
Package caption Info: float package is loaded.
Package caption Info: hyperref package is loaded.
Package caption Info: listings package is loaded.
Package caption Info: longtable package is loaded.
(/usr/local/texlive/2017/texmf-dist/tex/latex/caption/ltcaption.sty
Package: ltcaption 2018/08/26 v1.4a longtable captions (AR)
)
Package caption Info: End \AtBeginDocument code.
\AtBeginShipoutBox=\box69
Package hyperref Info: Link coloring ON on input line 78.
 (/usr/local/texlive/2017/texmf-dist/tex/latex/hyperref/nameref.sty
Package: nameref 2019/09/12 v2.45 Cross-referencing by name of section
 (/usr/local/texlive/2017/texmf-dist/tex/generic/oberdiek/gettitlestring.sty
Package: gettitlestring 2016/05/16 v1.5 Cleanup title references (HO)
)
\c@section@level=\count416
)
LaTeX Info: Redefining \ref on input line 78.
LaTeX Info: Redefining \pageref on input line 78.
LaTeX Info: Redefining \nameref on input line 78.
 (.//thesis.out) (.//thesis.out)
\@outlinefile=\write4
\openout4 = `thesis.out'.

 (/usr/local/texlive/2017/texmf-dist/tex/latex/fmtcount/fc-english.def
Invalid UTF-8 byte or sequence at line 10 replaced by U+FFFD.
Invalid UTF-8 byte or sequence at line 22 replaced by U+FFFD.
File: fc-english.def 2016/01/12
) (/usr/local/texlive/2017/texmf-dist/tex/latex/oberdiek/pdflscape.sty
Package: pdflscape 2016/05/14 v0.11 Display of landscape pages in PDF (HO)
 (/usr/local/texlive/2017/texmf-dist/tex/latex/graphics/lscape.sty
Package: lscape 2000/10/22 v3.01 Landscape Pages (DPC)
)
Package pdflscape Info: Auto-detected driver: dvipdfm (xetex) on input line 99.
)
\c@lstlisting=\count417
LaTeX Font Info:    Overwriting math alphabet `\mathrm' in version `normal'
(Font)                  OT1/lmr/m/n --> TU/lmr/m/n on input line 78.
LaTeX Font Info:    Overwriting math alphabet `\mathit' in version `normal'
(Font)                  OT1/lmr/m/it --> TU/lmr/m/it on input line 78.
LaTeX Font Info:    Overwriting math alphabet `\mathbf' in version `normal'
(Font)                  OT1/lmr/bx/n --> TU/lmr/bx/n on input line 78.
LaTeX Font Info:    Overwriting math alphabet `\mathsf' in version `normal'
(Font)                  OT1/lmss/m/n --> TU/lmss/m/n on input line 78.
LaTeX Font Info:    Overwriting math alphabet `\mathsf' in version `bold'
(Font)                  OT1/lmss/bx/n --> TU/lmss/bx/n on input line 78.
LaTeX Font Info:    Overwriting math alphabet `\mathtt' in version `normal'
(Font)                  OT1/lmtt/m/n --> TU/lmtt/m/n on input line 78.
LaTeX Font Info:    Overwriting math alphabet `\mathtt' in version `bold'
(Font)                  OT1/lmtt/m/n --> TU/lmtt/bx/n on input line 78.
LaTeX Font Info:    Calculating math sizes for size <12.045> on input line 78.

Package fontspec Info: Font family 'latinmodern-math.otf(0)' created for font
(fontspec)             'latinmodern-math.otf' with options
(fontspec)             [Mapping=tex-text,BoldItalicFont={},ItalicFont={},SmallCapsFont={},Script=Math,BoldFont={latinmodern-math.otf}].
(fontspec)              
(fontspec)              This font family consists of the following NFSS
(fontspec)             series/shapes:
(fontspec)              
(fontspec)             - 'normal' (m/n) with NFSS spec.:
(fontspec)             <->"[latinmodern-math.otf]/OT:script=math;language=DFLT;mapping=tex-text;"
(fontspec)             - 'small caps'  (m/sc) with NFSS spec.: 
(fontspec)             - 'bold' (bx/n) with NFSS spec.:
(fontspec)             <->"[latinmodern-math.otf]/OT:script=math;language=DFLT;mapping=tex-text;"
(fontspec)             - 'bold small caps'  (bx/sc) with NFSS spec.: 


Package fontspec Info: Font family 'latinmodern-math.otf(1)' created for font
(fontspec)             'latinmodern-math.otf' with options
(fontspec)             [Mapping=tex-text,BoldItalicFont={},ItalicFont={},SmallCapsFont={},Script=Math,SizeFeatures={{Size=10.23825-},{Size=7.227-10.23825,Font=latinmodern-math.otf,Style=MathScript},{Size=-7.227,Font=latinmodern-math.otf,Style=MathScriptScript}},BoldFont={latinmodern-math.otf}].
(fontspec)              
(fontspec)              This font family consists of the following NFSS
(fontspec)             series/shapes:
(fontspec)              
(fontspec)             - 'normal' (m/n) with NFSS spec.:
(fontspec)             <10.23825->"[latinmodern-math.otf]/OT:script=math;language=DFLT;mapping=tex-text;"<7.227-10.23825>"[latinmodern-math.otf]/OT:script=math;language=DFLT;+ssty=0;mapping=tex-text;"<-7.227>"[latinmodern-math.otf]/OT:script=math;language=DFLT;+ssty=1;mapping=tex-text;"
(fontspec)             - 'small caps'  (m/sc) with NFSS spec.: 
(fontspec)             - 'bold' (bx/n) with NFSS spec.:
(fontspec)             <->"[latinmodern-math.otf]/OT:script=math;language=DFLT;mapping=tex-text;"
(fontspec)             - 'bold small caps'  (bx/sc) with NFSS spec.: 

LaTeX Font Info:    Encoding `OT1' has changed to `TU' for symbol font
(Font)              `operators' in the math version `normal' on input line 78.
LaTeX Font Info:    Overwriting symbol font `operators' in version `normal'
(Font)                  OT1/lmr/m/n --> TU/latinmodern-math.otf(1)/m/n on input line 78.
LaTeX Font Info:    Encoding `OT1' has changed to `TU' for symbol font
(Font)              `operators' in the math version `bold' on input line 78.
LaTeX Font Info:    Overwriting symbol font `operators' in version `bold'
(Font)                  OT1/lmr/bx/n --> TU/latinmodern-math.otf(1)/bx/n on input line 78.

Package fontspec Info: latinmodern-math scale = 1.0001.


Package fontspec Info: latinmodern-math scale = 1.0001.


Package fontspec Info: latinmodern-math scale = 1.0001.


Package fontspec Info: latinmodern-math scale = 1.0001.


Package fontspec Info: latinmodern-math scale = 1.0001.


Package fontspec Info: Font family 'latinmodern-math.otf(2)' created for font
(fontspec)             'latinmodern-math.otf' with options
(fontspec)             [Mapping=tex-text,BoldItalicFont={},ItalicFont={},SmallCapsFont={},Script=Math,SizeFeatures={{Size=10.23825-},{Size=7.227-10.23825,Font=latinmodern-math.otf,Style=MathScript},{Size=-7.227,Font=latinmodern-math.otf,Style=MathScriptScript}},BoldFont={latinmodern-math.otf},ScaleAgain=1.0001,FontAdjustment={\fontdimen
(fontspec)             8\font =8.15446pt\relax \fontdimen 9\font
(fontspec)             =4.74573pt\relax \fontdimen 10\font =5.34798pt\relax
(fontspec)             \fontdimen 11\font =8.26286pt\relax \fontdimen 12\font
(fontspec)             =4.15552pt\relax \fontdimen 13\font =4.37233pt\relax
(fontspec)             \fontdimen 14\font =4.37233pt\relax \fontdimen 15\font
(fontspec)             =3.481pt\relax \fontdimen 16\font =2.97511pt\relax
(fontspec)             \fontdimen 17\font =2.97511pt\relax \fontdimen 18\font
(fontspec)             =3.01125pt\relax \fontdimen 19\font =2.409pt\relax
(fontspec)             \fontdimen 22\font =3.01125pt\relax \fontdimen 20\font
(fontspec)             =0pt\relax \fontdimen 21\font =0pt\relax }].
(fontspec)              
(fontspec)              This font family consists of the following NFSS
(fontspec)             series/shapes:
(fontspec)              
(fontspec)             - 'normal' (m/n) with NFSS spec.:
(fontspec)             <10.23825->s*[1.0001]"[latinmodern-math.otf]/OT:script=math;language=DFLT;mapping=tex-text;"<7.227-10.23825>s*[1.0001]"[latinmodern-math.otf]/OT:script=math;language=DFLT;+ssty=0;mapping=tex-text;"<-7.227>s*[1.0001]"[latinmodern-math.otf]/OT:script=math;language=DFLT;+ssty=1;mapping=tex-text;"
(fontspec)             - 'small caps'  (m/sc) with NFSS spec.: 
(fontspec)             and font adjustment code:
(fontspec)             \fontdimen 8\font =8.15446pt\relax \fontdimen 9\font
(fontspec)             =4.74573pt\relax \fontdimen 10\font =5.34798pt\relax
(fontspec)             \fontdimen 11\font =8.26286pt\relax \fontdimen 12\font
(fontspec)             =4.15552pt\relax \fontdimen 13\font =4.37233pt\relax
(fontspec)             \fontdimen 14\font =4.37233pt\relax \fontdimen 15\font
(fontspec)             =3.481pt\relax \fontdimen 16\font =2.97511pt\relax
(fontspec)             \fontdimen 17\font =2.97511pt\relax \fontdimen 18\font
(fontspec)             =3.01125pt\relax \fontdimen 19\font =2.409pt\relax
(fontspec)             \fontdimen 22\font =3.01125pt\relax \fontdimen 20\font
(fontspec)             =0pt\relax \fontdimen 21\font =0pt\relax 
(fontspec)             - 'bold' (bx/n) with NFSS spec.:
(fontspec)             <->s*[1.0001]"[latinmodern-math.otf]/OT:script=math;language=DFLT;mapping=tex-text;"
(fontspec)             - 'bold small caps'  (bx/sc) with NFSS spec.: 
(fontspec)             and font adjustment code:
(fontspec)             \fontdimen 8\font =8.15446pt\relax \fontdimen 9\font
(fontspec)             =4.74573pt\relax \fontdimen 10\font =5.34798pt\relax
(fontspec)             \fontdimen 11\font =8.26286pt\relax \fontdimen 12\font
(fontspec)             =4.15552pt\relax \fontdimen 13\font =4.37233pt\relax
(fontspec)             \fontdimen 14\font =4.37233pt\relax \fontdimen 15\font
(fontspec)             =3.481pt\relax \fontdimen 16\font =2.97511pt\relax
(fontspec)             \fontdimen 17\font =2.97511pt\relax \fontdimen 18\font
(fontspec)             =3.01125pt\relax \fontdimen 19\font =2.409pt\relax
(fontspec)             \fontdimen 22\font =3.01125pt\relax \fontdimen 20\font
(fontspec)             =0pt\relax \fontdimen 21\font =0pt\relax 

LaTeX Font Info:    Encoding `OMS' has changed to `TU' for symbol font
(Font)              `symbols' in the math version `normal' on input line 78.
LaTeX Font Info:    Overwriting symbol font `symbols' in version `normal'
(Font)                  OMS/lmsy/m/n --> TU/latinmodern-math.otf(2)/m/n on input line 78.
LaTeX Font Info:    Encoding `OMS' has changed to `TU' for symbol font
(Font)              `symbols' in the math version `bold' on input line 78.
LaTeX Font Info:    Overwriting symbol font `symbols' in version `bold'
(Font)                  OMS/lmsy/b/n --> TU/latinmodern-math.otf(2)/bx/n on input line 78.

Package fontspec Info: latinmodern-math scale = 0.9999.


Package fontspec Info: latinmodern-math scale = 0.9999.


Package fontspec Info: latinmodern-math scale = 0.9999.


Package fontspec Info: latinmodern-math scale = 0.9999.


Package fontspec Info: latinmodern-math scale = 0.9999.


Package fontspec Info: Font family 'latinmodern-math.otf(3)' created for font
(fontspec)             'latinmodern-math.otf' with options
(fontspec)             [Mapping=tex-text,BoldItalicFont={},ItalicFont={},SmallCapsFont={},Script=Math,SizeFeatures={{Size=10.23825-},{Size=7.227-10.23825,Font=latinmodern-math.otf,Style=MathScript},{Size=-7.227,Font=latinmodern-math.otf,Style=MathScriptScript}},BoldFont={latinmodern-math.otf},ScaleAgain=0.9999,FontAdjustment={\fontdimen
(fontspec)             8\font =0.4818pt\relax \fontdimen 9\font =2.409pt\relax
(fontspec)             \fontdimen 10\font =2.01152pt\relax \fontdimen 11\font
(fontspec)             =1.33699pt\relax \fontdimen 12\font =7.227pt\relax
(fontspec)             \fontdimen 13\font =0pt\relax }].
(fontspec)              
(fontspec)              This font family consists of the following NFSS
(fontspec)             series/shapes:
(fontspec)              
(fontspec)             - 'normal' (m/n) with NFSS spec.:
(fontspec)             <10.23825->s*[0.9999]"[latinmodern-math.otf]/OT:script=math;language=DFLT;mapping=tex-text;"<7.227-10.23825>s*[0.9999]"[latinmodern-math.otf]/OT:script=math;language=DFLT;+ssty=0;mapping=tex-text;"<-7.227>s*[0.9999]"[latinmodern-math.otf]/OT:script=math;language=DFLT;+ssty=1;mapping=tex-text;"
(fontspec)             - 'small caps'  (m/sc) with NFSS spec.: 
(fontspec)             and font adjustment code:
(fontspec)             \fontdimen 8\font =0.4818pt\relax \fontdimen 9\font
(fontspec)             =2.409pt\relax \fontdimen 10\font =2.01152pt\relax
(fontspec)             \fontdimen 11\font =1.33699pt\relax \fontdimen 12\font
(fontspec)             =7.227pt\relax \fontdimen 13\font =0pt\relax 
(fontspec)             - 'bold' (bx/n) with NFSS spec.:
(fontspec)             <->s*[0.9999]"[latinmodern-math.otf]/OT:script=math;language=DFLT;mapping=tex-text;"
(fontspec)             - 'bold small caps'  (bx/sc) with NFSS spec.: 
(fontspec)             and font adjustment code:
(fontspec)             \fontdimen 8\font =0.4818pt\relax \fontdimen 9\font
(fontspec)             =2.409pt\relax \fontdimen 10\font =2.01152pt\relax
(fontspec)             \fontdimen 11\font =1.33699pt\relax \fontdimen 12\font
(fontspec)             =7.227pt\relax \fontdimen 13\font =0pt\relax 

LaTeX Font Info:    Encoding `OMX' has changed to `TU' for symbol font
(Font)              `largesymbols' in the math version `normal' on input line 78.
LaTeX Font Info:    Overwriting symbol font `largesymbols' in version `normal'
(Font)                  OMX/lmex/m/n --> TU/latinmodern-math.otf(3)/m/n on input line 78.
LaTeX Font Info:    Encoding `OMX' has changed to `TU' for symbol font
(Font)              `largesymbols' in the math version `bold' on input line 78.
LaTeX Font Info:    Overwriting symbol font `largesymbols' in version `bold'
(Font)                  OMX/lmex/m/n --> TU/latinmodern-math.otf(3)/bx/n on input line 78.

Package fontspec Info: Could not resolve font "Adobe Fangsong Std/BI" (it
(fontspec)             probably doesn't exist).


Package fontspec Info: Could not resolve font "Adobe Fangsong Std/B" (it
(fontspec)             probably doesn't exist).


Package fontspec Info: Could not resolve font "Adobe Fangsong Std/I" (it
(fontspec)             probably doesn't exist).


Package fontspec Info: Font family 'AdobeFangsongStd(0)' created for font
(fontspec)             'Adobe Fangsong Std' with options
(fontspec)             [Mapping=tex-text,Script={CJK}].
(fontspec)              
(fontspec)              This font family consists of the following NFSS
(fontspec)             series/shapes:
(fontspec)              
(fontspec)             - 'normal' (m/n) with NFSS spec.: <->"Adobe Fangsong
(fontspec)             Std/OT:script=hani;language=DFLT;mapping=tex-text;"
(fontspec)             - 'small caps'  (m/sc) with NFSS spec.: 

LaTeX Font Info:    Calculating math sizes for size <10.53937> on input line 85.
LaTeX Font Info:    Try loading font information for OML+lmm on input line 85.
 (/usr/local/texlive/2017/texmf-dist/tex/latex/lm/omllmm.fd
File: omllmm.fd 2009/10/30 v1.6 Font defs for Latin Modern
)
LaTeX Font Info:    Font shape `TU/latinmodern-math.otf(2)/m/n' will be
(Font)              scaled to size 10.54048pt on input line 85.
LaTeX Font Info:    Font shape `TU/latinmodern-math.otf(2)/m/n' will be
(Font)              scaled to size 7.3783pt on input line 85.
LaTeX Font Info:    Font shape `TU/latinmodern-math.otf(2)/m/n' will be
(Font)              scaled to size 5.27023pt on input line 85.
LaTeX Font Info:    Font shape `TU/latinmodern-math.otf(3)/m/n' will be
(Font)              scaled to size 10.53824pt on input line 85.
LaTeX Font Info:    Font shape `TU/latinmodern-math.otf(3)/m/n' will be
(Font)              scaled to size 7.37672pt on input line 85.
LaTeX Font Info:    Font shape `TU/latinmodern-math.otf(3)/m/n' will be
(Font)              scaled to size 5.26912pt on input line 85.
LaTeX Font Info:    Try loading font information for U+msa on input line 85.
 (/usr/local/texlive/2017/texmf-dist/tex/latex/amsfonts/umsa.fd
File: umsa.fd 2013/01/14 v3.01 AMS symbols A
)
LaTeX Font Info:    Try loading font information for U+msb on input line 85.
 (/usr/local/texlive/2017/texmf-dist/tex/latex/amsfonts/umsb.fd
File: umsb.fd 2013/01/14 v3.01 AMS symbols B
)
LaTeX Font Info:    Font shape `U/fsy/m/n' will be
(Font)              scaled to size 9.48535pt on input line 85.
LaTeX Font Info:    Font shape `U/fsy/m/n' will be
(Font)              scaled to size 6.63971pt on input line 85.
LaTeX Font Info:    Font shape `U/fsy/m/n' will be
(Font)              scaled to size 4.74268pt on input line 85.

Package fontspec Info: Could not resolve font "Adobe Heiti Std/BI" (it
(fontspec)             probably doesn't exist).


Package fontspec Info: Could not resolve font "Adobe Heiti Std/B" (it probably
(fontspec)             doesn't exist).


Package fontspec Info: Could not resolve font "Adobe Heiti Std/I" (it probably
(fontspec)             doesn't exist).


Package fontspec Info: Font family 'AdobeHeitiStd(0)' created for font 'Adobe
(fontspec)             Heiti Std' with options
(fontspec)             [Mapping=tex-text,Script={CJK}].
(fontspec)              
(fontspec)              This font family consists of the following NFSS
(fontspec)             series/shapes:
(fontspec)              
(fontspec)             - 'normal' (m/n) with NFSS spec.: <->"Adobe Heiti
(fontspec)             Std/OT:script=hani;language=DFLT;mapping=tex-text;"
(fontspec)             - 'small caps'  (m/sc) with NFSS spec.: 

LaTeX Font Info:    Calculating math sizes for size <14.05249> on input line 85.
LaTeX Font Info:    Font shape `TU/latinmodern-math.otf(2)/m/n' will be
(Font)              scaled to size 14.05399pt on input line 85.
LaTeX Font Info:    Font shape `TU/latinmodern-math.otf(2)/m/n' will be
(Font)              scaled to size 9.83772pt on input line 85.
LaTeX Font Info:    Font shape `TU/latinmodern-math.otf(2)/m/n' will be
(Font)              scaled to size 7.027pt on input line 85.
LaTeX Font Info:    Font shape `TU/latinmodern-math.otf(3)/m/n' will be
(Font)              scaled to size 14.05098pt on input line 85.
LaTeX Font Info:    Font shape `TU/latinmodern-math.otf(3)/m/n' will be
(Font)              scaled to size 9.83563pt on input line 85.
LaTeX Font Info:    Font shape `TU/latinmodern-math.otf(3)/m/n' will be
(Font)              scaled to size 7.02548pt on input line 85.
LaTeX Font Info:    Font shape `U/fsy/m/n' will be
(Font)              scaled to size 12.64714pt on input line 85.
LaTeX Font Info:    Font shape `U/fsy/m/n' will be
(Font)              scaled to size 8.85295pt on input line 85.
LaTeX Font Info:    Font shape `U/fsy/m/n' will be
(Font)              scaled to size 6.32356pt on input line 85.
 (/usr/local/texlive/2017/texmf-dist/tex/generic/oberdiek/se-ascii-print.def
File: se-ascii-print.def 2016/05/16 v1.11 stringenc: Printable ASCII characters
) [1

]
LaTeX Font Info:    Calculating math sizes for size <16.06> on input line 85.
LaTeX Font Info:    Font shape `TU/latinmodern-math.otf(2)/m/n' will be
(Font)              scaled to size 16.0617pt on input line 85.
LaTeX Font Info:    Font shape `TU/latinmodern-math.otf(2)/m/n' will be
(Font)              scaled to size 11.24313pt on input line 85.
LaTeX Font Info:    Font shape `TU/latinmodern-math.otf(2)/m/n' will be
(Font)              scaled to size 8.03085pt on input line 85.
LaTeX Font Info:    Font shape `TU/latinmodern-math.otf(3)/m/n' will be
(Font)              scaled to size 16.05827pt on input line 85.
LaTeX Font Info:    Font shape `TU/latinmodern-math.otf(3)/m/n' will be
(Font)              scaled to size 11.24074pt on input line 85.
LaTeX Font Info:    Font shape `TU/latinmodern-math.otf(3)/m/n' will be
(Font)              scaled to size 8.02913pt on input line 85.
LaTeX Font Info:    Font shape `U/fsy/m/n' will be
(Font)              scaled to size 14.45389pt on input line 85.
LaTeX Font Info:    Font shape `U/fsy/m/n' will be
(Font)              scaled to size 10.11768pt on input line 85.
LaTeX Font Info:    Font shape `U/fsy/m/n' will be
(Font)              scaled to size 7.22694pt on input line 85.
 [2

]
Overfull \hbox (0.18965pt too wide) detected at line 85
 \TU/AdobeFangsongStd(0)/m/n/12.045                           
 []


Overfull \hbox (0.18965pt too wide) detected at line 85
 \TU/AdobeFangsongStd(0)/m/n/12.045                           
 []

[3

] (./thesis.toc

Package fontspec Info: Could not resolve font "Adobe Song Std/BI" (it probably
(fontspec)             doesn't exist).


Package fontspec Info: Could not resolve font "Adobe Song Std/B" (it probably
(fontspec)             doesn't exist).


Package fontspec Info: Could not resolve font "Adobe Song Std/I" (it probably
(fontspec)             doesn't exist).


Package fontspec Info: Font family 'AdobeSongStd(1)' created for font 'Adobe
(fontspec)             Song Std' with options [Mapping=tex-text,Script={CJK}].
(fontspec)              
(fontspec)              This font family consists of the following NFSS
(fontspec)             series/shapes:
(fontspec)              
(fontspec)             - 'normal' (m/n) with NFSS spec.: <->"Adobe Song
(fontspec)             Std/OT:script=hani;language=DFLT;mapping=tex-text;"
(fontspec)             - 'small caps'  (m/sc) with NFSS spec.: 

 [1



])
\tf@toc=\write5
\openout5 = `thesis.toc'.

 [2] (./thesis.lot)
\tf@lot=\write6
\openout6 = `thesis.lot'.

 [3

] (./thesis.lof)
\tf@lof=\write7
\openout7 = `thesis.lof'.

 [4

] (./data/abstract.tex [1



]
Missing character: There is no  in font Adobe Song Std L/OT:script=hani;language=DFLT;mapping=tex-text;!
Missing character: There is no  in font Adobe Song Std L/OT:script=hani;language=DFLT;mapping=tex-text;!
) (./data/denotation.tex [2


]
LaTeX Font Info:    Font shape `TU/latinmodern-math.otf(2)/m/n' will be
(Font)              scaled to size 12.04628pt on input line 17.
LaTeX Font Info:    Font shape `TU/latinmodern-math.otf(2)/m/n' will be
(Font)              scaled to size 8.4324pt on input line 17.
LaTeX Font Info:    Font shape `TU/latinmodern-math.otf(2)/m/n' will be
(Font)              scaled to size 6.02315pt on input line 17.
LaTeX Font Info:    Font shape `TU/latinmodern-math.otf(3)/m/n' will be
(Font)              scaled to size 12.0437pt on input line 17.
LaTeX Font Info:    Font shape `TU/latinmodern-math.otf(3)/m/n' will be
(Font)              scaled to size 8.43059pt on input line 17.
LaTeX Font Info:    Font shape `TU/latinmodern-math.otf(3)/m/n' will be
(Font)              scaled to size 6.02185pt on input line 17.
LaTeX Font Info:    Font shape `U/fsy/m/n' will be
(Font)              scaled to size 10.84042pt on input line 17.
LaTeX Font Info:    Font shape `U/fsy/m/n' will be
(Font)              scaled to size 7.58829pt on input line 17.
LaTeX Font Info:    Font shape `U/fsy/m/n' will be
(Font)              scaled to size 5.42021pt on input line 17.
) [3

] (./data/chap1.tex
File: fig/chp2_multi_tiers.png Graphic file (type bmp)
<fig/chp2_multi_tiers.png>

Underfull \vbox (badness 4266) has occurred while \output is active []

 [1



] [2]
Underfull \hbox (badness 10000) in paragraph at lines 53--55

 []

[3]) (./data/chap2.tex [4]) (./data/chap3.tex [5


]) (./data/chap4.tex [6


]) (./data/chap5.tex [7


]) (./data/ack.tex [8


]) [9

] (./thesis.bbl
Underfull \hbox (badness 10000) in paragraph at lines 5--7
[]\TU/lmr/m/n/12.045 NetApp FAS Storage Systems. [][]$[][][][][] [] [] [] [][][] [] [][][][][][] [] [][][] [] [][] []
 []


Underfull \hbox (badness 10000) in paragraph at lines 9--11
[]\TU/lmr/m/n/12.045 IBM DS8880 Data Systems. [][]$[][][][][] [] [] [] [][][] [] [][][] [] [][][] [] [][][][][][] []
 []

[10


]
Underfull \hbox (badness 1173) in paragraph at lines 131--133
[]\TU/lmr/m/n/12.045 GlusterFS: A scalable network filesystem. [][]$[][][][] [] [] [] [][][] [] [][][][][][][] []
 []

) [11] (./data/appendix01.tex
Missing character: There is no  in font [latinmodern-math.otf]/OT:script=math;language=DFLT;mapping=tex-text;!
)
\tf@thm=\write8
\openout8 = `thesis.thm'.

Package atveryend Info: Empty hook `BeforeClearDocument' on input line 117.
 [12



]
Package atveryend Info: Empty hook `AfterLastShipout' on input line 117.
 (./thesis.aux)
Package atveryend Info: Empty hook `AtVeryEndDocument' on input line 117.
Package atveryend Info: Executing hook `AtEndAfterFileList' on input line 117.
Package rerunfilecheck Info: File `thesis.out' has not changed.
(rerunfilecheck)             Checksum: 89B4A6CEC2AA36D0288B58ECA770E476.
Package atveryend Info: Empty hook `AtVeryVeryEnd' on input line 117.
 ) 
Here is how much of TeX's memory you used:
 36767 strings out of 492909
 691500 string characters out of 6132923
 1044187 words of memory out of 5000000
 40258 multiletter control sequences out of 15000+600000
 563010 words of font info for 224 fonts, out of 8000000 for 9000
 1348 hyphenation exceptions out of 8191
 61i,12n,109p,1079b,690s stack positions out of 5000i,500n,10000p,200000b,80000s

Output written on ./thesis.pdf (22 pages).
